<?xml version="1.0" encoding="UTF-8"?>
<!-- Generated by org.testng.reporters.JUnitReportReporter -->
<testsuite hostname="HP" failures="0" tests="1" name="com.Testng.TestNGCompassWebsite" time="11.557" errors="0" timestamp="2023-05-07T19:20:44 IST" skipped="0">
  <testcase classname="com.Testng.TestNGCompassWebsite" name="pageTitleValidation" time="11.557"/>
  <system-out/>
</testsuite> <!-- com.Testng.TestNGCompassWebsite -->
